This file contains any messages produced by compilers while
running configure, to aid debugging if configure makes a mistake.

It was created by ctemplate configure 2.3, which was
generated by GNU Autoconf 2.69.  Invocation command line was

  $ ./configure 

## --------- ##
## Platform. ##
## --------- ##

hostname = Tamass-MacBook-Pro.local
uname -m = x86_64
uname -r = 18.2.0
uname -s = Darwin
uname -v = Darwin Kernel Version 18.2.0: Mon Nov 12 20:24:46 PST 2018; root:xnu-4903.231.4~2/RELEASE_X86_64

/usr/bin/uname -p = i386
/bin/uname -X     = unknown

/bin/arch              = unknown
/usr/bin/arch -k       = unknown
/usr/convex/getsysinfo = unknown
/usr/bin/hostinfo      = Mach kernel version:
	 Darwin Kernel Version 18.2.0: Mon Nov 12 20:24:46 PST 2018; root:xnu-4903.231.4~2/RELEASE_X86_64
Kernel configured for up to 4 processors.
2 processors are physically available.
4 processors are logically available.
Processor type: x86_64h (Intel x86-64h Haswell)
Processors active: 0 1 2 3
Primary memory available: 8.00 gigabytes
Default processor set: 345 tasks, 1931 threads, 4 processors
Load average: 1.96, Mach factor: 2.03
/bin/machine           = unknown
/usr/bin/oslevel       = unknown
/bin/universe          = unknown

PATH: /Users/kult78/.rbenv/shims
PATH: /Users/kult78/.rbenv/bin
PATH: /usr/local/opt/openssl/bin
PATH: /usr/local/opt/openssl/bin
PATH: /usr/local/bin
PATH: /usr/bin
PATH: /bin
PATH: /usr/sbin
PATH: /sbin
PATH: /Library/Frameworks/Mono.framework/Versions/Current/Commands


## ----------- ##
## Core tests. ##
## ----------- ##

configure:2376: checking whether make supports nested variables
configure:2393: result: yes
configure:2446: checking build system type
configure:2460: result: x86_64-apple-darwin18.2.0
configure:2480: checking host system type
configure:2493: result: x86_64-apple-darwin18.2.0
configure:2529: checking for a BSD-compatible install
configure:2597: result: /usr/bin/install -c
configure:2608: checking whether build environment is sane
configure:2663: result: yes
configure:2814: checking for a thread-safe mkdir -p
configure:2853: result: ./install-sh -c -d
configure:2860: checking for gawk
configure:2890: result: no
configure:2860: checking for mawk
configure:2890: result: no
configure:2860: checking for nawk
configure:2890: result: no
configure:2860: checking for awk
configure:2876: found /usr/bin/awk
configure:2887: result: awk
configure:2898: checking whether make sets $(MAKE)
configure:2920: result: yes
configure:3115: checking for g++
configure:3131: found /usr/bin/g++
configure:3142: result: g++
configure:3169: checking for C++ compiler version
configure:3178: g++ --version >&5
Apple LLVM version 10.0.0 (clang-1000.11.45.5)
Target: x86_64-apple-darwin18.2.0
Thread model: posix
InstalledDir: /Applications/Xcode.app/Contents/Developer/Toolchains/XcodeDefault.xctoolchain/usr/bin
Configured with: --prefix=/Applications/Xcode.app/Contents/Developer/usr --with-gxx-include-dir=/Applications/Xcode.app/Contents/Developer/Platforms/MacOSX.platform/Developer/SDKs/MacOSX10.14.sdk/usr/include/c++/4.2.1
configure:3189: $? = 0
configure:3178: g++ -v >&5
Configured with: --prefix=/Applications/Xcode.app/Contents/Developer/usr --with-gxx-include-dir=/Applications/Xcode.app/Contents/Developer/Platforms/MacOSX.platform/Developer/SDKs/MacOSX10.14.sdk/usr/include/c++/4.2.1
Apple LLVM version 10.0.0 (clang-1000.11.45.5)
Target: x86_64-apple-darwin18.2.0
Thread model: posix
InstalledDir: /Applications/Xcode.app/Contents/Developer/Toolchains/XcodeDefault.xctoolchain/usr/bin
configure:3189: $? = 0
configure:3178: g++ -V >&5
clang: error: argument to '-V' is missing (expected 1 value)
clang: error: no input files
configure:3189: $? = 1
configure:3178: g++ -qversion >&5
clang: error: unknown argument: '-qversion'
clang: error: no input files
configure:3189: $? = 1
configure:3209: checking whether the C++ compiler works
configure:3231: g++    conftest.cpp  >&5
configure:3235: $? = 0
configure:3283: result: yes
configure:3286: checking for C++ compiler default output file name
configure:3288: result: a.out
configure:3294: checking for suffix of executables
configure:3301: g++ -o conftest    conftest.cpp  >&5
configure:3305: $? = 0
configure:3327: result: 
configure:3349: checking whether we are cross compiling
configure:3357: g++ -o conftest    conftest.cpp  >&5
configure:3361: $? = 0
configure:3368: ./conftest
configure:3372: $? = 0
configure:3387: result: no
configure:3392: checking for suffix of object files
configure:3414: g++ -c   conftest.cpp >&5
configure:3418: $? = 0
configure:3439: result: o
configure:3443: checking whether we are using the GNU C++ compiler
configure:3462: g++ -c   conftest.cpp >&5
configure:3462: $? = 0
configure:3471: result: yes
configure:3480: checking whether g++ accepts -g
configure:3500: g++ -c -g  conftest.cpp >&5
configure:3500: $? = 0
configure:3541: result: yes
configure:3567: checking whether make supports the include directive
configure:3582: make -f confmf.GNU && cat confinc.out
this is the am__doit target
configure:3585: $? = 0
configure:3604: result: yes (GNU style)
configure:3629: checking dependency style of g++
configure:3740: result: gcc3
configure:3803: checking for gcc
configure:3819: found /usr/bin/gcc
configure:3830: result: gcc
configure:4059: checking for C compiler version
configure:4068: gcc --version >&5
Apple LLVM version 10.0.0 (clang-1000.11.45.5)
Target: x86_64-apple-darwin18.2.0
Thread model: posix
InstalledDir: /Applications/Xcode.app/Contents/Developer/Toolchains/XcodeDefault.xctoolchain/usr/bin
Configured with: --prefix=/Applications/Xcode.app/Contents/Developer/usr --with-gxx-include-dir=/Applications/Xcode.app/Contents/Developer/Platforms/MacOSX.platform/Developer/SDKs/MacOSX10.14.sdk/usr/include/c++/4.2.1
configure:4079: $? = 0
configure:4068: gcc -v >&5
Configured with: --prefix=/Applications/Xcode.app/Contents/Developer/usr --with-gxx-include-dir=/Applications/Xcode.app/Contents/Developer/Platforms/MacOSX.platform/Developer/SDKs/MacOSX10.14.sdk/usr/include/c++/4.2.1
Apple LLVM version 10.0.0 (clang-1000.11.45.5)
Target: x86_64-apple-darwin18.2.0
Thread model: posix
InstalledDir: /Applications/Xcode.app/Contents/Developer/Toolchains/XcodeDefault.xctoolchain/usr/bin
configure:4079: $? = 0
configure:4068: gcc -V >&5
clang: error: argument to '-V' is missing (expected 1 value)
clang: error: no input files
configure:4079: $? = 1
configure:4068: gcc -qversion >&5
clang: error: unknown argument: '-qversion'
clang: error: no input files
configure:4079: $? = 1
configure:4083: checking whether we are using the GNU C compiler
configure:4102: gcc -c   conftest.c >&5
configure:4102: $? = 0
configure:4111: result: yes
configure:4120: checking whether gcc accepts -g
configure:4140: gcc -c -g  conftest.c >&5
configure:4140: $? = 0
configure:4181: result: yes
configure:4198: checking for gcc option to accept ISO C89
configure:4261: gcc  -c -g -O2  conftest.c >&5
configure:4261: $? = 0
configure:4274: result: none needed
configure:4299: checking whether gcc understands -c and -o together
configure:4321: gcc -c conftest.c -o conftest2.o
configure:4324: $? = 0
configure:4321: gcc -c conftest.c -o conftest2.o
configure:4324: $? = 0
configure:4336: result: yes
configure:4355: checking dependency style of gcc
configure:4466: result: gcc3
configure:4531: checking for ar
configure:4547: found /usr/bin/ar
configure:4558: result: ar
configure:4584: checking the archiver (ar) interface
configure:4600: gcc -c -g -O2  conftest.c >&5
configure:4600: $? = 0
configure:4602: ar cru libconftest.a conftest.o >&5
configure:4605: $? = 0
configure:4633: result: ar
configure:4722: checking how to print strings
configure:4749: result: printf
configure:4770: checking for a sed that does not truncate output
configure:4834: result: /usr/bin/sed
configure:4852: checking for grep that handles long lines and -e
configure:4910: result: /usr/bin/grep
configure:4915: checking for egrep
configure:4977: result: /usr/bin/grep -E
configure:4982: checking for fgrep
configure:5044: result: /usr/bin/grep -F
configure:5079: checking for ld used by gcc
configure:5146: result: /Applications/Xcode.app/Contents/Developer/Toolchains/XcodeDefault.xctoolchain/usr/bin/ld
configure:5153: checking if the linker (/Applications/Xcode.app/Contents/Developer/Toolchains/XcodeDefault.xctoolchain/usr/bin/ld) is GNU ld
configure:5168: result: no
configure:5180: checking for BSD- or MS-compatible name lister (nm)
configure:5234: result: /usr/bin/nm -B
configure:5364: checking the name lister (/usr/bin/nm -B) interface
configure:5371: gcc -c -g -O2  conftest.c >&5
configure:5374: /usr/bin/nm -B "conftest.o"
configure:5377: output
00000000000001e0 S _some_variable
configure:5384: result: BSD nm
configure:5387: checking whether ln -s works
configure:5391: result: yes
configure:5399: checking the maximum length of command line arguments
configure:5530: result: 196608
configure:5578: checking how to convert x86_64-apple-darwin18.2.0 file names to x86_64-apple-darwin18.2.0 format
configure:5618: result: func_convert_file_noop
configure:5625: checking how to convert x86_64-apple-darwin18.2.0 file names to toolchain format
configure:5645: result: func_convert_file_noop
configure:5652: checking for /Applications/Xcode.app/Contents/Developer/Toolchains/XcodeDefault.xctoolchain/usr/bin/ld option to reload object files
configure:5659: result: -r
configure:5733: checking for objdump
configure:5749: found /usr/bin/objdump
configure:5760: result: objdump
configure:5792: checking how to recognize dependent libraries
configure:5992: result: pass_all
configure:6077: checking for dlltool
configure:6107: result: no
configure:6137: checking how to associate runtime and link libraries
configure:6164: result: printf %s\n
configure:6288: checking for archiver @FILE support
configure:6305: gcc -c -g -O2  conftest.c >&5
configure:6305: $? = 0
configure:6308: ar cru libconftest.a @conftest.lst >&5
ar: @conftest.lst: No such file or directory
configure:6311: $? = 1
configure:6331: result: no
configure:6389: checking for strip
configure:6405: found /usr/bin/strip
configure:6416: result: strip
configure:6488: checking for ranlib
configure:6504: found /usr/bin/ranlib
configure:6515: result: ranlib
configure:6617: checking command to parse /usr/bin/nm -B output from gcc object
configure:6770: gcc -c -g -O2  conftest.c >&5
configure:6773: $? = 0
configure:6777: /usr/bin/nm -B conftest.o \| sed -n -e 's/^.*[ ]\([BCDEGRST][BCDEGRST]*\)[ ][ ]*\([_A-Za-z][_A-Za-z0-9]*\)$/\1 \2 \2/p' | sed '/ __gnu_lto/d' \> conftest.nm
configure:6780: $? = 0
cannot find nm_test_var in conftest.nm
configure:6770: gcc -c -g -O2  conftest.c >&5
configure:6773: $? = 0
configure:6777: /usr/bin/nm -B conftest.o \| sed -n -e 's/^.*[ ]\([BCDEGRST][BCDEGRST]*\)[ ][ ]*_\([_A-Za-z][_A-Za-z0-9]*\)$/\1 _\2 \2/p' | sed '/ __gnu_lto/d' \> conftest.nm
configure:6780: $? = 0
configure:6846: gcc -o conftest -g -O2   conftest.c conftstm.o >&5
warning: (x86_64)  could not find object file symbol for symbol _main
configure:6849: $? = 0
configure:6887: result: ok
configure:6934: checking for sysroot
configure:6964: result: no
configure:6971: checking for a working dd
configure:7009: result: /bin/dd
configure:7013: checking how to truncate binary pipes
configure:7028: result: /bin/dd bs=4096 count=1
configure:7357: checking for mt
configure:7387: result: no
configure:7407: checking if : is a manifest tool
configure:7413: : '-?'
configure:7421: result: no
configure:7477: checking for dsymutil
configure:7493: found /usr/bin/dsymutil
configure:7504: result: dsymutil
configure:7569: checking for nmedit
configure:7585: found /usr/bin/nmedit
configure:7596: result: nmedit
configure:7661: checking for lipo
configure:7677: found /usr/bin/lipo
configure:7688: result: lipo
configure:7753: checking for otool
configure:7769: found /usr/bin/otool
configure:7780: result: otool
configure:7845: checking for otool64
configure:7875: result: no
configure:7920: checking for -single_module linker flag
gcc -g -O2  -o libconftest.dylib -dynamiclib -Wl,-single_module conftest.c
configure:7953: result: yes
configure:7956: checking for -exported_symbols_list linker flag
configure:7976: gcc -o conftest -g -O2   -Wl,-exported_symbols_list,conftest.sym conftest.c  >&5
configure:7976: $? = 0
configure:7986: result: yes
configure:7989: checking for -force_load linker flag
gcc -g -O2 -c -o conftest.o conftest.c
ar cru libconftest.a conftest.o
ranlib libconftest.a
gcc -g -O2  -o conftest conftest.c -Wl,-force_load,./libconftest.a
configure:8021: result: yes
configure:8098: checking how to run the C preprocessor
configure:8129: gcc -E  conftest.c
configure:8129: $? = 0
configure:8143: gcc -E  conftest.c
conftest.c:11:10: fatal error: 'ac_nonexistent.h' file not found
#include <ac_nonexistent.h>
         ^~~~~~~~~~~~~~~~~~
1 error generated.
configure:8143: $? = 1
configure: failed program was:
| /* confdefs.h */
| #define PACKAGE_NAME "ctemplate"
| #define PACKAGE_TARNAME "ctemplate"
| #define PACKAGE_VERSION "2.3"
| #define PACKAGE_STRING "ctemplate 2.3"
| #define PACKAGE_BUGREPORT "google-ctemplate@googlegroups.com"
| #define PACKAGE_URL ""
| #define PACKAGE "ctemplate"
| #define VERSION "2.3"
| /* end confdefs.h.  */
| #include <ac_nonexistent.h>
configure:8168: result: gcc -E
configure:8188: gcc -E  conftest.c
configure:8188: $? = 0
configure:8202: gcc -E  conftest.c
conftest.c:11:10: fatal error: 'ac_nonexistent.h' file not found
#include <ac_nonexistent.h>
         ^~~~~~~~~~~~~~~~~~
1 error generated.
configure:8202: $? = 1
configure: failed program was:
| /* confdefs.h */
| #define PACKAGE_NAME "ctemplate"
| #define PACKAGE_TARNAME "ctemplate"
| #define PACKAGE_VERSION "2.3"
| #define PACKAGE_STRING "ctemplate 2.3"
| #define PACKAGE_BUGREPORT "google-ctemplate@googlegroups.com"
| #define PACKAGE_URL ""
| #define PACKAGE "ctemplate"
| #define VERSION "2.3"
| /* end confdefs.h.  */
| #include <ac_nonexistent.h>
configure:8231: checking for ANSI C header files
configure:8251: gcc -c -g -O2  conftest.c >&5
configure:8251: $? = 0
configure:8324: gcc -o conftest -g -O2   conftest.c  >&5
configure:8324: $? = 0
configure:8324: ./conftest
configure:8324: $? = 0
configure:8335: result: yes
configure:8348: checking for sys/types.h
configure:8348: gcc -c -g -O2  conftest.c >&5
configure:8348: $? = 0
configure:8348: result: yes
configure:8348: checking for sys/stat.h
configure:8348: gcc -c -g -O2  conftest.c >&5
configure:8348: $? = 0
configure:8348: result: yes
configure:8348: checking for stdlib.h
configure:8348: gcc -c -g -O2  conftest.c >&5
configure:8348: $? = 0
configure:8348: result: yes
configure:8348: checking for string.h
configure:8348: gcc -c -g -O2  conftest.c >&5
configure:8348: $? = 0
configure:8348: result: yes
configure:8348: checking for memory.h
configure:8348: gcc -c -g -O2  conftest.c >&5
configure:8348: $? = 0
configure:8348: result: yes
configure:8348: checking for strings.h
configure:8348: gcc -c -g -O2  conftest.c >&5
configure:8348: $? = 0
configure:8348: result: yes
configure:8348: checking for inttypes.h
configure:8348: gcc -c -g -O2  conftest.c >&5
configure:8348: $? = 0
configure:8348: result: yes
configure:8348: checking for stdint.h
configure:8348: gcc -c -g -O2  conftest.c >&5
configure:8348: $? = 0
configure:8348: result: yes
configure:8348: checking for unistd.h
configure:8348: gcc -c -g -O2  conftest.c >&5
configure:8348: $? = 0
configure:8348: result: yes
configure:8362: checking for dlfcn.h
configure:8362: gcc -c -g -O2  conftest.c >&5
configure:8362: $? = 0
configure:8362: result: yes
configure:8628: checking for objdir
configure:8643: result: .libs
configure:8907: checking if gcc supports -fno-rtti -fno-exceptions
configure:8925: gcc -c -g -O2  -fno-rtti -fno-exceptions conftest.c >&5
configure:8929: $? = 0
configure:8942: result: yes
configure:9300: checking for gcc option to produce PIC
configure:9307: result: -fno-common -DPIC
configure:9315: checking if gcc PIC flag -fno-common -DPIC works
configure:9333: gcc -c -g -O2  -fno-common -DPIC -DPIC conftest.c >&5
configure:9337: $? = 0
configure:9350: result: yes
configure:9379: checking if gcc static flag -static works
configure:9407: result: no
configure:9422: checking if gcc supports -c -o file.o
configure:9443: gcc -c -g -O2  -o out/conftest2.o conftest.c >&5
configure:9447: $? = 0
configure:9469: result: yes
configure:9477: checking if gcc supports -c -o file.o
configure:9524: result: yes
configure:9557: checking whether the gcc linker (/Applications/Xcode.app/Contents/Developer/Toolchains/XcodeDefault.xctoolchain/usr/bin/ld) supports shared libraries
configure:10816: result: yes
configure:11056: checking dynamic linker characteristics
configure:11874: result: darwin18.2.0 dyld
configure:11996: checking how to hardcode library paths into programs
configure:12021: result: immediate
configure:12569: checking whether stripping libraries is possible
configure:12583: result: yes
configure:12609: checking if libtool supports shared libraries
configure:12611: result: yes
configure:12614: checking whether to build shared libraries
configure:12639: result: yes
configure:12642: checking whether to build static libraries
configure:12646: result: yes
configure:12669: checking how to run the C++ preprocessor
configure:12696: g++ -E  conftest.cpp
configure:12696: $? = 0
configure:12710: g++ -E  conftest.cpp
conftest.cpp:23:10: fatal error: 'ac_nonexistent.h' file not found
#include <ac_nonexistent.h>
         ^~~~~~~~~~~~~~~~~~
1 error generated.
configure:12710: $? = 1
configure: failed program was:
| /* confdefs.h */
| #define PACKAGE_NAME "ctemplate"
| #define PACKAGE_TARNAME "ctemplate"
| #define PACKAGE_VERSION "2.3"
| #define PACKAGE_STRING "ctemplate 2.3"
| #define PACKAGE_BUGREPORT "google-ctemplate@googlegroups.com"
| #define PACKAGE_URL ""
| #define PACKAGE "ctemplate"
| #define VERSION "2.3"
| #define STDC_HEADERS 1
| #define HAVE_SYS_TYPES_H 1
| #define HAVE_SYS_STAT_H 1
| #define HAVE_STDLIB_H 1
| #define HAVE_STRING_H 1
| #define HAVE_MEMORY_H 1
| #define HAVE_STRINGS_H 1
| #define HAVE_INTTYPES_H 1
| #define HAVE_STDINT_H 1
| #define HAVE_UNISTD_H 1
| #define HAVE_DLFCN_H 1
| #define LT_OBJDIR ".libs/"
| /* end confdefs.h.  */
| #include <ac_nonexistent.h>
configure:12735: result: g++ -E
configure:12755: g++ -E  conftest.cpp
configure:12755: $? = 0
configure:12769: g++ -E  conftest.cpp
conftest.cpp:23:10: fatal error: 'ac_nonexistent.h' file not found
#include <ac_nonexistent.h>
         ^~~~~~~~~~~~~~~~~~
1 error generated.
configure:12769: $? = 1
configure: failed program was:
| /* confdefs.h */
| #define PACKAGE_NAME "ctemplate"
| #define PACKAGE_TARNAME "ctemplate"
| #define PACKAGE_VERSION "2.3"
| #define PACKAGE_STRING "ctemplate 2.3"
| #define PACKAGE_BUGREPORT "google-ctemplate@googlegroups.com"
| #define PACKAGE_URL ""
| #define PACKAGE "ctemplate"
| #define VERSION "2.3"
| #define STDC_HEADERS 1
| #define HAVE_SYS_TYPES_H 1
| #define HAVE_SYS_STAT_H 1
| #define HAVE_STDLIB_H 1
| #define HAVE_STRING_H 1
| #define HAVE_MEMORY_H 1
| #define HAVE_STRINGS_H 1
| #define HAVE_INTTYPES_H 1
| #define HAVE_STDINT_H 1
| #define HAVE_UNISTD_H 1
| #define HAVE_DLFCN_H 1
| #define LT_OBJDIR ".libs/"
| /* end confdefs.h.  */
| #include <ac_nonexistent.h>
configure:12931: checking for ld used by g++
configure:12998: result: /Applications/Xcode.app/Contents/Developer/Toolchains/XcodeDefault.xctoolchain/usr/bin/ld
configure:13005: checking if the linker (/Applications/Xcode.app/Contents/Developer/Toolchains/XcodeDefault.xctoolchain/usr/bin/ld) is GNU ld
configure:13020: result: no
configure:13075: checking whether the g++ linker (/Applications/Xcode.app/Contents/Developer/Toolchains/XcodeDefault.xctoolchain/usr/bin/ld) supports shared libraries
configure:14148: result: yes
configure:14184: g++ -c -g -O2  conftest.cpp >&5
configure:14187: $? = 0
configure:14668: checking for g++ option to produce PIC
configure:14675: result: -fno-common -DPIC
configure:14683: checking if g++ PIC flag -fno-common -DPIC works
configure:14701: g++ -c -g -O2  -fno-common -DPIC -DPIC conftest.cpp >&5
configure:14705: $? = 0
configure:14718: result: yes
configure:14741: checking if g++ static flag -static works
configure:14769: result: no
configure:14781: checking if g++ supports -c -o file.o
configure:14802: g++ -c -g -O2  -o out/conftest2.o conftest.cpp >&5
configure:14806: $? = 0
configure:14828: result: yes
configure:14833: checking if g++ supports -c -o file.o
configure:14880: result: yes
configure:14910: checking whether the g++ linker (/Applications/Xcode.app/Contents/Developer/Toolchains/XcodeDefault.xctoolchain/usr/bin/ld) supports shared libraries
configure:14950: result: yes
configure:15091: checking dynamic linker characteristics
configure:15836: result: darwin18.2.0 dyld
configure:15901: checking how to hardcode library paths into programs
configure:15926: result: immediate
configure:15991: checking for __attribute__
configure:16010: gcc -c -g -O2  conftest.c >&5
configure:16010: $? = 0
configure:16024: result: yes
configure:16029: checking printf format code for printing a size_t and ssize_t
configure:16045: gcc -c -g -O2  conftest.c >&5
conftest.c:28:49: error: 'unsigned int *' and 'size_t *' (aka 'unsigned long *') are not pointers to compatible types
unsigned int v1 = 0; size_t v2 = 0; return (&v1 - &v2)
                                            ~~~ ^ ~~~
1 error generated.
configure:16045: $? = 1
configure: failed program was:
| /* confdefs.h */
| #define PACKAGE_NAME "ctemplate"
| #define PACKAGE_TARNAME "ctemplate"
| #define PACKAGE_VERSION "2.3"
| #define PACKAGE_STRING "ctemplate 2.3"
| #define PACKAGE_BUGREPORT "google-ctemplate@googlegroups.com"
| #define PACKAGE_URL ""
| #define PACKAGE "ctemplate"
| #define VERSION "2.3"
| #define STDC_HEADERS 1
| #define HAVE_SYS_TYPES_H 1
| #define HAVE_SYS_STAT_H 1
| #define HAVE_STDLIB_H 1
| #define HAVE_STRING_H 1
| #define HAVE_MEMORY_H 1
| #define HAVE_STRINGS_H 1
| #define HAVE_INTTYPES_H 1
| #define HAVE_STDINT_H 1
| #define HAVE_UNISTD_H 1
| #define HAVE_DLFCN_H 1
| #define LT_OBJDIR ".libs/"
| #define HAVE___ATTRIBUTE__ 1
| /* end confdefs.h.  */
| #include <stddef.h>
| int
| main ()
| {
| unsigned int v1 = 0; size_t v2 = 0; return (&v1 - &v2)
|   ;
|   return 0;
| }
configure:16060: gcc -c -g -O2  conftest.c >&5
configure:16060: $? = 0
configure:16075: gcc -c -g -O2  conftest.c >&5
conftest.c:28:55: error: 'unsigned long long *' and 'size_t *' (aka 'unsigned long *') are not pointers to compatible types
unsigned long long v1 = 0; size_t v2 = 0; return (&v1 - &v2)
                                                  ~~~ ^ ~~~
1 error generated.
configure:16075: $? = 1
configure: failed program was:
| /* confdefs.h */
| #define PACKAGE_NAME "ctemplate"
| #define PACKAGE_TARNAME "ctemplate"
| #define PACKAGE_VERSION "2.3"
| #define PACKAGE_STRING "ctemplate 2.3"
| #define PACKAGE_BUGREPORT "google-ctemplate@googlegroups.com"
| #define PACKAGE_URL ""
| #define PACKAGE "ctemplate"
| #define VERSION "2.3"
| #define STDC_HEADERS 1
| #define HAVE_SYS_TYPES_H 1
| #define HAVE_SYS_STAT_H 1
| #define HAVE_STDLIB_H 1
| #define HAVE_STRING_H 1
| #define HAVE_MEMORY_H 1
| #define HAVE_STRINGS_H 1
| #define HAVE_INTTYPES_H 1
| #define HAVE_STDINT_H 1
| #define HAVE_UNISTD_H 1
| #define HAVE_DLFCN_H 1
| #define LT_OBJDIR ".libs/"
| #define HAVE___ATTRIBUTE__ 1
| /* end confdefs.h.  */
| #include <stddef.h>
| int
| main ()
| {
| unsigned long long v1 = 0; size_t v2 = 0; return (&v1 - &v2)
|   ;
|   return 0;
| }
configure:16081: result: l
configure:16107: checking for getopt_long
configure:16107: gcc -o conftest -g -O2   conftest.c  >&5
configure:16107: $? = 0
configure:16107: result: yes
configure:16107: checking for getopt
configure:16107: gcc -o conftest -g -O2   conftest.c  >&5
configure:16107: $? = 0
configure:16107: result: yes
configure:16118: checking getopt.h usability
configure:16118: gcc -c -g -O2  conftest.c >&5
configure:16118: $? = 0
configure:16118: result: yes
configure:16118: checking getopt.h presence
configure:16118: gcc -E  conftest.c
configure:16118: $? = 0
configure:16118: result: yes
configure:16118: checking for getopt.h
configure:16118: result: yes
configure:16130: checking utime.h usability
configure:16130: gcc -c -g -O2  conftest.c >&5
configure:16130: $? = 0
configure:16130: result: yes
configure:16130: checking utime.h presence
configure:16130: gcc -E  conftest.c
configure:16130: $? = 0
configure:16130: result: yes
configure:16130: checking for utime.h
configure:16130: result: yes
configure:16144: checking for dirent.h that defines DIR
configure:16163: gcc -c -g -O2  conftest.c >&5
configure:16163: $? = 0
configure:16171: result: yes
configure:16184: checking for library containing opendir
configure:16215: gcc -o conftest -g -O2   conftest.c  >&5
configure:16215: $? = 0
configure:16232: result: none required
configure:16304: checking byteswap.h usability
configure:16304: gcc -c -g -O2  conftest.c >&5
conftest.c:65:10: fatal error: 'byteswap.h' file not found
#include <byteswap.h>
         ^~~~~~~~~~~~
1 error generated.
configure:16304: $? = 1
configure: failed program was:
| /* confdefs.h */
| #define PACKAGE_NAME "ctemplate"
| #define PACKAGE_TARNAME "ctemplate"
| #define PACKAGE_VERSION "2.3"
| #define PACKAGE_STRING "ctemplate 2.3"
| #define PACKAGE_BUGREPORT "google-ctemplate@googlegroups.com"
| #define PACKAGE_URL ""
| #define PACKAGE "ctemplate"
| #define VERSION "2.3"
| #define STDC_HEADERS 1
| #define HAVE_SYS_TYPES_H 1
| #define HAVE_SYS_STAT_H 1
| #define HAVE_STDLIB_H 1
| #define HAVE_STRING_H 1
| #define HAVE_MEMORY_H 1
| #define HAVE_STRINGS_H 1
| #define HAVE_INTTYPES_H 1
| #define HAVE_STDINT_H 1
| #define HAVE_UNISTD_H 1
| #define HAVE_DLFCN_H 1
| #define LT_OBJDIR ".libs/"
| #define HAVE___ATTRIBUTE__ 1
| #define PRIuS "lu"
| #define PRIxS "lx"
| #define PRIdS "ld"
| #define HAVE_GETOPT_LONG 1
| #define HAVE_GETOPT 1
| #define HAVE_GETOPT_H 1
| #define HAVE_UTIME_H 1
| #define HAVE_DIRENT_H 1
| /* end confdefs.h.  */
| #include <stdio.h>
| #ifdef HAVE_SYS_TYPES_H
| # include <sys/types.h>
| #endif
| #ifdef HAVE_SYS_STAT_H
| # include <sys/stat.h>
| #endif
| #ifdef STDC_HEADERS
| # include <stdlib.h>
| # include <stddef.h>
| #else
| # ifdef HAVE_STDLIB_H
| #  include <stdlib.h>
| # endif
| #endif
| #ifdef HAVE_STRING_H
| # if !defined STDC_HEADERS && defined HAVE_MEMORY_H
| #  include <memory.h>
| # endif
| # include <string.h>
| #endif
| #ifdef HAVE_STRINGS_H
| # include <strings.h>
| #endif
| #ifdef HAVE_INTTYPES_H
| # include <inttypes.h>
| #endif
| #ifdef HAVE_STDINT_H
| # include <stdint.h>
| #endif
| #ifdef HAVE_UNISTD_H
| # include <unistd.h>
| #endif
| #include <byteswap.h>
configure:16304: result: no
configure:16304: checking byteswap.h presence
configure:16304: gcc -E  conftest.c
conftest.c:32:10: fatal error: 'byteswap.h' file not found
#include <byteswap.h>
         ^~~~~~~~~~~~
1 error generated.
configure:16304: $? = 1
configure: failed program was:
| /* confdefs.h */
| #define PACKAGE_NAME "ctemplate"
| #define PACKAGE_TARNAME "ctemplate"
| #define PACKAGE_VERSION "2.3"
| #define PACKAGE_STRING "ctemplate 2.3"
| #define PACKAGE_BUGREPORT "google-ctemplate@googlegroups.com"
| #define PACKAGE_URL ""
| #define PACKAGE "ctemplate"
| #define VERSION "2.3"
| #define STDC_HEADERS 1
| #define HAVE_SYS_TYPES_H 1
| #define HAVE_SYS_STAT_H 1
| #define HAVE_STDLIB_H 1
| #define HAVE_STRING_H 1
| #define HAVE_MEMORY_H 1
| #define HAVE_STRINGS_H 1
| #define HAVE_INTTYPES_H 1
| #define HAVE_STDINT_H 1
| #define HAVE_UNISTD_H 1
| #define HAVE_DLFCN_H 1
| #define LT_OBJDIR ".libs/"
| #define HAVE___ATTRIBUTE__ 1
| #define PRIuS "lu"
| #define PRIxS "lx"
| #define PRIdS "ld"
| #define HAVE_GETOPT_LONG 1
| #define HAVE_GETOPT 1
| #define HAVE_GETOPT_H 1
| #define HAVE_UTIME_H 1
| #define HAVE_DIRENT_H 1
| /* end confdefs.h.  */
| #include <byteswap.h>
configure:16304: result: no
configure:16304: checking for byteswap.h
configure:16304: result: no
configure:16316: checking libkern/OSByteOrder.h usability
configure:16316: gcc -c -g -O2  conftest.c >&5
configure:16316: $? = 0
configure:16316: result: yes
configure:16316: checking libkern/OSByteOrder.h presence
configure:16316: gcc -E  conftest.c
configure:16316: $? = 0
configure:16316: result: yes
configure:16316: checking for libkern/OSByteOrder.h
configure:16316: result: yes
configure:16328: checking sys/byteorder.h usability
configure:16328: gcc -c -g -O2  conftest.c >&5
conftest.c:66:10: fatal error: 'sys/byteorder.h' file not found
#include <sys/byteorder.h>
         ^~~~~~~~~~~~~~~~~
1 error generated.
configure:16328: $? = 1
configure: failed program was:
| /* confdefs.h */
| #define PACKAGE_NAME "ctemplate"
| #define PACKAGE_TARNAME "ctemplate"
| #define PACKAGE_VERSION "2.3"
| #define PACKAGE_STRING "ctemplate 2.3"
| #define PACKAGE_BUGREPORT "google-ctemplate@googlegroups.com"
| #define PACKAGE_URL ""
| #define PACKAGE "ctemplate"
| #define VERSION "2.3"
| #define STDC_HEADERS 1
| #define HAVE_SYS_TYPES_H 1
| #define HAVE_SYS_STAT_H 1
| #define HAVE_STDLIB_H 1
| #define HAVE_STRING_H 1
| #define HAVE_MEMORY_H 1
| #define HAVE_STRINGS_H 1
| #define HAVE_INTTYPES_H 1
| #define HAVE_STDINT_H 1
| #define HAVE_UNISTD_H 1
| #define HAVE_DLFCN_H 1
| #define LT_OBJDIR ".libs/"
| #define HAVE___ATTRIBUTE__ 1
| #define PRIuS "lu"
| #define PRIxS "lx"
| #define PRIdS "ld"
| #define HAVE_GETOPT_LONG 1
| #define HAVE_GETOPT 1
| #define HAVE_GETOPT_H 1
| #define HAVE_UTIME_H 1
| #define HAVE_DIRENT_H 1
| #define HAVE_LIBKERN_OSBYTEORDER_H 1
| /* end confdefs.h.  */
| #include <stdio.h>
| #ifdef HAVE_SYS_TYPES_H
| # include <sys/types.h>
| #endif
| #ifdef HAVE_SYS_STAT_H
| # include <sys/stat.h>
| #endif
| #ifdef STDC_HEADERS
| # include <stdlib.h>
| # include <stddef.h>
| #else
| # ifdef HAVE_STDLIB_H
| #  include <stdlib.h>
| # endif
| #endif
| #ifdef HAVE_STRING_H
| # if !defined STDC_HEADERS && defined HAVE_MEMORY_H
| #  include <memory.h>
| # endif
| # include <string.h>
| #endif
| #ifdef HAVE_STRINGS_H
| # include <strings.h>
| #endif
| #ifdef HAVE_INTTYPES_H
| # include <inttypes.h>
| #endif
| #ifdef HAVE_STDINT_H
| # include <stdint.h>
| #endif
| #ifdef HAVE_UNISTD_H
| # include <unistd.h>
| #endif
| #include <sys/byteorder.h>
configure:16328: result: no
configure:16328: checking sys/byteorder.h presence
configure:16328: gcc -E  conftest.c
conftest.c:33:10: fatal error: 'sys/byteorder.h' file not found
#include <sys/byteorder.h>
         ^~~~~~~~~~~~~~~~~
1 error generated.
configure:16328: $? = 1
configure: failed program was:
| /* confdefs.h */
| #define PACKAGE_NAME "ctemplate"
| #define PACKAGE_TARNAME "ctemplate"
| #define PACKAGE_VERSION "2.3"
| #define PACKAGE_STRING "ctemplate 2.3"
| #define PACKAGE_BUGREPORT "google-ctemplate@googlegroups.com"
| #define PACKAGE_URL ""
| #define PACKAGE "ctemplate"
| #define VERSION "2.3"
| #define STDC_HEADERS 1
| #define HAVE_SYS_TYPES_H 1
| #define HAVE_SYS_STAT_H 1
| #define HAVE_STDLIB_H 1
| #define HAVE_STRING_H 1
| #define HAVE_MEMORY_H 1
| #define HAVE_STRINGS_H 1
| #define HAVE_INTTYPES_H 1
| #define HAVE_STDINT_H 1
| #define HAVE_UNISTD_H 1
| #define HAVE_DLFCN_H 1
| #define LT_OBJDIR ".libs/"
| #define HAVE___ATTRIBUTE__ 1
| #define PRIuS "lu"
| #define PRIxS "lx"
| #define PRIdS "ld"
| #define HAVE_GETOPT_LONG 1
| #define HAVE_GETOPT 1
| #define HAVE_GETOPT_H 1
| #define HAVE_UTIME_H 1
| #define HAVE_DIRENT_H 1
| #define HAVE_LIBKERN_OSBYTEORDER_H 1
| /* end confdefs.h.  */
| #include <sys/byteorder.h>
configure:16328: result: no
configure:16328: checking for sys/byteorder.h
configure:16328: result: no
configure:16340: checking endian.h usability
configure:16340: gcc -c -g -O2  conftest.c >&5
conftest.c:66:10: fatal error: 'endian.h' file not found
#include <endian.h>
         ^~~~~~~~~~
1 error generated.
configure:16340: $? = 1
configure: failed program was:
| /* confdefs.h */
| #define PACKAGE_NAME "ctemplate"
| #define PACKAGE_TARNAME "ctemplate"
| #define PACKAGE_VERSION "2.3"
| #define PACKAGE_STRING "ctemplate 2.3"
| #define PACKAGE_BUGREPORT "google-ctemplate@googlegroups.com"
| #define PACKAGE_URL ""
| #define PACKAGE "ctemplate"
| #define VERSION "2.3"
| #define STDC_HEADERS 1
| #define HAVE_SYS_TYPES_H 1
| #define HAVE_SYS_STAT_H 1
| #define HAVE_STDLIB_H 1
| #define HAVE_STRING_H 1
| #define HAVE_MEMORY_H 1
| #define HAVE_STRINGS_H 1
| #define HAVE_INTTYPES_H 1
| #define HAVE_STDINT_H 1
| #define HAVE_UNISTD_H 1
| #define HAVE_DLFCN_H 1
| #define LT_OBJDIR ".libs/"
| #define HAVE___ATTRIBUTE__ 1
| #define PRIuS "lu"
| #define PRIxS "lx"
| #define PRIdS "ld"
| #define HAVE_GETOPT_LONG 1
| #define HAVE_GETOPT 1
| #define HAVE_GETOPT_H 1
| #define HAVE_UTIME_H 1
| #define HAVE_DIRENT_H 1
| #define HAVE_LIBKERN_OSBYTEORDER_H 1
| /* end confdefs.h.  */
| #include <stdio.h>
| #ifdef HAVE_SYS_TYPES_H
| # include <sys/types.h>
| #endif
| #ifdef HAVE_SYS_STAT_H
| # include <sys/stat.h>
| #endif
| #ifdef STDC_HEADERS
| # include <stdlib.h>
| # include <stddef.h>
| #else
| # ifdef HAVE_STDLIB_H
| #  include <stdlib.h>
| # endif
| #endif
| #ifdef HAVE_STRING_H
| # if !defined STDC_HEADERS && defined HAVE_MEMORY_H
| #  include <memory.h>
| # endif
| # include <string.h>
| #endif
| #ifdef HAVE_STRINGS_H
| # include <strings.h>
| #endif
| #ifdef HAVE_INTTYPES_H
| # include <inttypes.h>
| #endif
| #ifdef HAVE_STDINT_H
| # include <stdint.h>
| #endif
| #ifdef HAVE_UNISTD_H
| # include <unistd.h>
| #endif
| #include <endian.h>
configure:16340: result: no
configure:16340: checking endian.h presence
configure:16340: gcc -E  conftest.c
conftest.c:33:10: fatal error: 'endian.h' file not found
#include <endian.h>
         ^~~~~~~~~~
1 error generated.
configure:16340: $? = 1
configure: failed program was:
| /* confdefs.h */
| #define PACKAGE_NAME "ctemplate"
| #define PACKAGE_TARNAME "ctemplate"
| #define PACKAGE_VERSION "2.3"
| #define PACKAGE_STRING "ctemplate 2.3"
| #define PACKAGE_BUGREPORT "google-ctemplate@googlegroups.com"
| #define PACKAGE_URL ""
| #define PACKAGE "ctemplate"
| #define VERSION "2.3"
| #define STDC_HEADERS 1
| #define HAVE_SYS_TYPES_H 1
| #define HAVE_SYS_STAT_H 1
| #define HAVE_STDLIB_H 1
| #define HAVE_STRING_H 1
| #define HAVE_MEMORY_H 1
| #define HAVE_STRINGS_H 1
| #define HAVE_INTTYPES_H 1
| #define HAVE_STDINT_H 1
| #define HAVE_UNISTD_H 1
| #define HAVE_DLFCN_H 1
| #define LT_OBJDIR ".libs/"
| #define HAVE___ATTRIBUTE__ 1
| #define PRIuS "lu"
| #define PRIxS "lx"
| #define PRIdS "ld"
| #define HAVE_GETOPT_LONG 1
| #define HAVE_GETOPT 1
| #define HAVE_GETOPT_H 1
| #define HAVE_UTIME_H 1
| #define HAVE_DIRENT_H 1
| #define HAVE_LIBKERN_OSBYTEORDER_H 1
| /* end confdefs.h.  */
| #include <endian.h>
configure:16340: result: no
configure:16340: checking for endian.h
configure:16340: result: no
configure:16352: checking machine/endian.h usability
configure:16352: gcc -c -g -O2  conftest.c >&5
configure:16352: $? = 0
configure:16352: result: yes
configure:16352: checking machine/endian.h presence
configure:16352: gcc -E  conftest.c
configure:16352: $? = 0
configure:16352: result: yes
configure:16352: checking for machine/endian.h
configure:16352: result: yes
configure:16364: checking sys/endian.h usability
configure:16364: gcc -c -g -O2  conftest.c >&5
conftest.c:67:10: fatal error: 'sys/endian.h' file not found
#include <sys/endian.h>
         ^~~~~~~~~~~~~~
1 error generated.
configure:16364: $? = 1
configure: failed program was:
| /* confdefs.h */
| #define PACKAGE_NAME "ctemplate"
| #define PACKAGE_TARNAME "ctemplate"
| #define PACKAGE_VERSION "2.3"
| #define PACKAGE_STRING "ctemplate 2.3"
| #define PACKAGE_BUGREPORT "google-ctemplate@googlegroups.com"
| #define PACKAGE_URL ""
| #define PACKAGE "ctemplate"
| #define VERSION "2.3"
| #define STDC_HEADERS 1
| #define HAVE_SYS_TYPES_H 1
| #define HAVE_SYS_STAT_H 1
| #define HAVE_STDLIB_H 1
| #define HAVE_STRING_H 1
| #define HAVE_MEMORY_H 1
| #define HAVE_STRINGS_H 1
| #define HAVE_INTTYPES_H 1
| #define HAVE_STDINT_H 1
| #define HAVE_UNISTD_H 1
| #define HAVE_DLFCN_H 1
| #define LT_OBJDIR ".libs/"
| #define HAVE___ATTRIBUTE__ 1
| #define PRIuS "lu"
| #define PRIxS "lx"
| #define PRIdS "ld"
| #define HAVE_GETOPT_LONG 1
| #define HAVE_GETOPT 1
| #define HAVE_GETOPT_H 1
| #define HAVE_UTIME_H 1
| #define HAVE_DIRENT_H 1
| #define HAVE_LIBKERN_OSBYTEORDER_H 1
| #define HAVE_MACHINE_ENDIAN_H 1
| /* end confdefs.h.  */
| #include <stdio.h>
| #ifdef HAVE_SYS_TYPES_H
| # include <sys/types.h>
| #endif
| #ifdef HAVE_SYS_STAT_H
| # include <sys/stat.h>
| #endif
| #ifdef STDC_HEADERS
| # include <stdlib.h>
| # include <stddef.h>
| #else
| # ifdef HAVE_STDLIB_H
| #  include <stdlib.h>
| # endif
| #endif
| #ifdef HAVE_STRING_H
| # if !defined STDC_HEADERS && defined HAVE_MEMORY_H
| #  include <memory.h>
| # endif
| # include <string.h>
| #endif
| #ifdef HAVE_STRINGS_H
| # include <strings.h>
| #endif
| #ifdef HAVE_INTTYPES_H
| # include <inttypes.h>
| #endif
| #ifdef HAVE_STDINT_H
| # include <stdint.h>
| #endif
| #ifdef HAVE_UNISTD_H
| # include <unistd.h>
| #endif
| #include <sys/endian.h>
configure:16364: result: no
configure:16364: checking sys/endian.h presence
configure:16364: gcc -E  conftest.c
conftest.c:34:10: fatal error: 'sys/endian.h' file not found
#include <sys/endian.h>
         ^~~~~~~~~~~~~~
1 error generated.
configure:16364: $? = 1
configure: failed program was:
| /* confdefs.h */
| #define PACKAGE_NAME "ctemplate"
| #define PACKAGE_TARNAME "ctemplate"
| #define PACKAGE_VERSION "2.3"
| #define PACKAGE_STRING "ctemplate 2.3"
| #define PACKAGE_BUGREPORT "google-ctemplate@googlegroups.com"
| #define PACKAGE_URL ""
| #define PACKAGE "ctemplate"
| #define VERSION "2.3"
| #define STDC_HEADERS 1
| #define HAVE_SYS_TYPES_H 1
| #define HAVE_SYS_STAT_H 1
| #define HAVE_STDLIB_H 1
| #define HAVE_STRING_H 1
| #define HAVE_MEMORY_H 1
| #define HAVE_STRINGS_H 1
| #define HAVE_INTTYPES_H 1
| #define HAVE_STDINT_H 1
| #define HAVE_UNISTD_H 1
| #define HAVE_DLFCN_H 1
| #define LT_OBJDIR ".libs/"
| #define HAVE___ATTRIBUTE__ 1
| #define PRIuS "lu"
| #define PRIxS "lx"
| #define PRIdS "ld"
| #define HAVE_GETOPT_LONG 1
| #define HAVE_GETOPT 1
| #define HAVE_GETOPT_H 1
| #define HAVE_UTIME_H 1
| #define HAVE_DIRENT_H 1
| #define HAVE_LIBKERN_OSBYTEORDER_H 1
| #define HAVE_MACHINE_ENDIAN_H 1
| /* end confdefs.h.  */
| #include <sys/endian.h>
configure:16364: result: no
configure:16364: checking for sys/endian.h
configure:16364: result: no
configure:16376: checking sys/isa_defs.h usability
configure:16376: gcc -c -g -O2  conftest.c >&5
conftest.c:67:10: fatal error: 'sys/isa_defs.h' file not found
#include <sys/isa_defs.h>
         ^~~~~~~~~~~~~~~~
1 error generated.
configure:16376: $? = 1
configure: failed program was:
| /* confdefs.h */
| #define PACKAGE_NAME "ctemplate"
| #define PACKAGE_TARNAME "ctemplate"
| #define PACKAGE_VERSION "2.3"
| #define PACKAGE_STRING "ctemplate 2.3"
| #define PACKAGE_BUGREPORT "google-ctemplate@googlegroups.com"
| #define PACKAGE_URL ""
| #define PACKAGE "ctemplate"
| #define VERSION "2.3"
| #define STDC_HEADERS 1
| #define HAVE_SYS_TYPES_H 1
| #define HAVE_SYS_STAT_H 1
| #define HAVE_STDLIB_H 1
| #define HAVE_STRING_H 1
| #define HAVE_MEMORY_H 1
| #define HAVE_STRINGS_H 1
| #define HAVE_INTTYPES_H 1
| #define HAVE_STDINT_H 1
| #define HAVE_UNISTD_H 1
| #define HAVE_DLFCN_H 1
| #define LT_OBJDIR ".libs/"
| #define HAVE___ATTRIBUTE__ 1
| #define PRIuS "lu"
| #define PRIxS "lx"
| #define PRIdS "ld"
| #define HAVE_GETOPT_LONG 1
| #define HAVE_GETOPT 1
| #define HAVE_GETOPT_H 1
| #define HAVE_UTIME_H 1
| #define HAVE_DIRENT_H 1
| #define HAVE_LIBKERN_OSBYTEORDER_H 1
| #define HAVE_MACHINE_ENDIAN_H 1
| /* end confdefs.h.  */
| #include <stdio.h>
| #ifdef HAVE_SYS_TYPES_H
| # include <sys/types.h>
| #endif
| #ifdef HAVE_SYS_STAT_H
| # include <sys/stat.h>
| #endif
| #ifdef STDC_HEADERS
| # include <stdlib.h>
| # include <stddef.h>
| #else
| # ifdef HAVE_STDLIB_H
| #  include <stdlib.h>
| # endif
| #endif
| #ifdef HAVE_STRING_H
| # if !defined STDC_HEADERS && defined HAVE_MEMORY_H
| #  include <memory.h>
| # endif
| # include <string.h>
| #endif
| #ifdef HAVE_STRINGS_H
| # include <strings.h>
| #endif
| #ifdef HAVE_INTTYPES_H
| # include <inttypes.h>
| #endif
| #ifdef HAVE_STDINT_H
| # include <stdint.h>
| #endif
| #ifdef HAVE_UNISTD_H
| # include <unistd.h>
| #endif
| #include <sys/isa_defs.h>
configure:16376: result: no
configure:16376: checking sys/isa_defs.h presence
configure:16376: gcc -E  conftest.c
conftest.c:34:10: fatal error: 'sys/isa_defs.h' file not found
#include <sys/isa_defs.h>
         ^~~~~~~~~~~~~~~~
1 error generated.
configure:16376: $? = 1
configure: failed program was:
| /* confdefs.h */
| #define PACKAGE_NAME "ctemplate"
| #define PACKAGE_TARNAME "ctemplate"
| #define PACKAGE_VERSION "2.3"
| #define PACKAGE_STRING "ctemplate 2.3"
| #define PACKAGE_BUGREPORT "google-ctemplate@googlegroups.com"
| #define PACKAGE_URL ""
| #define PACKAGE "ctemplate"
| #define VERSION "2.3"
| #define STDC_HEADERS 1
| #define HAVE_SYS_TYPES_H 1
| #define HAVE_SYS_STAT_H 1
| #define HAVE_STDLIB_H 1
| #define HAVE_STRING_H 1
| #define HAVE_MEMORY_H 1
| #define HAVE_STRINGS_H 1
| #define HAVE_INTTYPES_H 1
| #define HAVE_STDINT_H 1
| #define HAVE_UNISTD_H 1
| #define HAVE_DLFCN_H 1
| #define LT_OBJDIR ".libs/"
| #define HAVE___ATTRIBUTE__ 1
| #define PRIuS "lu"
| #define PRIxS "lx"
| #define PRIdS "ld"
| #define HAVE_GETOPT_LONG 1
| #define HAVE_GETOPT 1
| #define HAVE_GETOPT_H 1
| #define HAVE_UTIME_H 1
| #define HAVE_DIRENT_H 1
| #define HAVE_LIBKERN_OSBYTEORDER_H 1
| #define HAVE_MACHINE_ENDIAN_H 1
| /* end confdefs.h.  */
| #include <sys/isa_defs.h>
configure:16376: result: no
configure:16376: checking for sys/isa_defs.h
configure:16376: result: no
configure:16571: checking whether gcc is Clang
configure:16596: result: yes
configure:16643: checking whether Clang needs flag to prevent "argument unused" warning when linking with -pthread
configure:16668: gcc -o conftest -Werror -Wunknown-warning-option  -pthread -g -O2   conftest.c  >&5
configure:16668: $? = 0
configure:16674: (gcc -c -Werror -Wunknown-warning-option  -pthread -g -O2  conftest.c >&5) && (echo ==== >&5) && (gcc -o conftest -Werror -Wunknown-warning-option  -pthread -g -O2   conftest.o  >&5)
====
configure:16674: $? = 0
configure:16692: result: no
configure:16841: checking for joinable pthread attribute
configure:16859: gcc -o conftest -g -O2 -pthread   conftest.c   >&5
configure:16859: $? = 0
configure:16867: result: PTHREAD_CREATE_JOINABLE
configure:16881: checking whether more special flags are required for pthreads
configure:16894: result: no
configure:16902: checking for PTHREAD_PRIO_INHERIT
configure:16918: gcc -o conftest -g -O2 -pthread   conftest.c   >&5
configure:16918: $? = 0
configure:16927: result: yes
configure:17033: checking support for pthread_rwlock_* functions
configure:17062: gcc -c -g -O2  conftest.c >&5
configure:17062: $? = 0
configure:17076: result: yes
configure:17089: checking whether first argument to InterlockedExchange omits volatile
configure:17112: g++ -c -g -O2  conftest.cpp >&5
conftest.cpp:37:10: fatal error: 'windows.h' file not found
#include <windows.h>
         ^~~~~~~~~~~
1 error generated.
configure:17112: $? = 1
configure: failed program was:
| /* confdefs.h */
| #define PACKAGE_NAME "ctemplate"
| #define PACKAGE_TARNAME "ctemplate"
| #define PACKAGE_VERSION "2.3"
| #define PACKAGE_STRING "ctemplate 2.3"
| #define PACKAGE_BUGREPORT "google-ctemplate@googlegroups.com"
| #define PACKAGE_URL ""
| #define PACKAGE "ctemplate"
| #define VERSION "2.3"
| #define STDC_HEADERS 1
| #define HAVE_SYS_TYPES_H 1
| #define HAVE_SYS_STAT_H 1
| #define HAVE_STDLIB_H 1
| #define HAVE_STRING_H 1
| #define HAVE_MEMORY_H 1
| #define HAVE_STRINGS_H 1
| #define HAVE_INTTYPES_H 1
| #define HAVE_STDINT_H 1
| #define HAVE_UNISTD_H 1
| #define HAVE_DLFCN_H 1
| #define LT_OBJDIR ".libs/"
| #define HAVE___ATTRIBUTE__ 1
| #define PRIuS "lu"
| #define PRIxS "lx"
| #define PRIdS "ld"
| #define HAVE_GETOPT_LONG 1
| #define HAVE_GETOPT 1
| #define HAVE_GETOPT_H 1
| #define HAVE_UTIME_H 1
| #define HAVE_DIRENT_H 1
| #define HAVE_LIBKERN_OSBYTEORDER_H 1
| #define HAVE_MACHINE_ENDIAN_H 1
| #define HAVE_PTHREAD_PRIO_INHERIT 1
| #define HAVE_PTHREAD 1
| #define HAVE_RWLOCK 1
| /* end confdefs.h.  */
| #include <windows.h>
| int
| main ()
| {
| volatile LONG once; InterlockedExchange(&once,  1);
|   ;
|   return 0;
| }
configure:17132: result: yes
configure:17138: checking the location of hash_map
configure:17164: g++ -c -g -O2  conftest.cpp >&5
configure:17164: $? = 0
configure:17186: g++ -c -g -O2  conftest.cpp >&5
configure:17186: $? = 0
configure:17247: result: <unordered_map>
configure:17293: g++ -o conftest -g -O2   conftest.cpp  >&5
conftest.cpp:53:10: warning: address of array '_start' will always evaluate to 'true' [-Wpointer-bool-conversion]
        return (_start && data_start && dummy);
                ^~~~~~ ~~
conftest.cpp:53:20: warning: address of array 'data_start' will always evaluate to 'true' [-Wpointer-bool-conversion]
        return (_start && data_start && dummy);
                       ~~ ^~~~~~~~~~
2 warnings generated.
Undefined symbols for architecture x86_64:
  "_dummy", referenced from:
      _main in conftest-69a4d8.o
ld: symbol(s) not found for architecture x86_64
clang: error: linker command failed with exit code 1 (use -v to see invocation)
configure:17293: $? = 1
configure: failed program was:
| /* confdefs.h */
| #define PACKAGE_NAME "ctemplate"
| #define PACKAGE_TARNAME "ctemplate"
| #define PACKAGE_VERSION "2.3"
| #define PACKAGE_STRING "ctemplate 2.3"
| #define PACKAGE_BUGREPORT "google-ctemplate@googlegroups.com"
| #define PACKAGE_URL ""
| #define PACKAGE "ctemplate"
| #define VERSION "2.3"
| #define STDC_HEADERS 1
| #define HAVE_SYS_TYPES_H 1
| #define HAVE_SYS_STAT_H 1
| #define HAVE_STDLIB_H 1
| #define HAVE_STRING_H 1
| #define HAVE_MEMORY_H 1
| #define HAVE_STRINGS_H 1
| #define HAVE_INTTYPES_H 1
| #define HAVE_STDINT_H 1
| #define HAVE_UNISTD_H 1
| #define HAVE_DLFCN_H 1
| #define LT_OBJDIR ".libs/"
| #define HAVE___ATTRIBUTE__ 1
| #define PRIuS "lu"
| #define PRIxS "lx"
| #define PRIdS "ld"
| #define HAVE_GETOPT_LONG 1
| #define HAVE_GETOPT 1
| #define HAVE_GETOPT_H 1
| #define HAVE_UTIME_H 1
| #define HAVE_DIRENT_H 1
| #define HAVE_LIBKERN_OSBYTEORDER_H 1
| #define HAVE_MACHINE_ENDIAN_H 1
| #define HAVE_PTHREAD_PRIO_INHERIT 1
| #define HAVE_PTHREAD 1
| #define HAVE_RWLOCK 1
| #define INTERLOCKED_EXCHANGE_NONVOLATILE 1
| #define HAVE_HASH_MAP 1
| #define HAVE_HASH_SET 1
| #define HASH_MAP_H <unordered_map>
| #define HASH_SET_H <unordered_set>
| #define HASH_NAMESPACE std
| #define HAVE_UNORDERED_MAP 1
| /* end confdefs.h.  */
| 
| 
| int
| main ()
| {
| 
| 	extern char _start[];
| 	extern char data_start[];
| 	extern char dummy[]  __attribute__((weak));
| 	return (_start && data_start && dummy);
| 
|   ;
|   return 0;
| }
| 
configure:17426: checking that generated files are newer than configure
configure:17432: result: done
configure:17467: creating ./config.status

## ---------------------- ##
## Running config.status. ##
## ---------------------- ##

This file was extended by ctemplate config.status 2.3, which was
generated by GNU Autoconf 2.69.  Invocation command line was

  CONFIG_FILES    = 
  CONFIG_HEADERS  = 
  CONFIG_LINKS    = 
  CONFIG_COMMANDS = 
  $ ./config.status 

on Tamass-MacBook-Pro.local

config.status:1195: creating Makefile
config.status:1195: creating src/ctemplate/template_string.h
config.status:1195: creating src/ctemplate/template_enums.h
config.status:1195: creating src/ctemplate/template.h
config.status:1195: creating src/ctemplate/template_cache.h
config.status:1195: creating src/ctemplate/template_modifiers.h
config.status:1195: creating src/ctemplate/template_emitter.h
config.status:1195: creating src/ctemplate/template_annotator.h
config.status:1195: creating src/ctemplate/template_dictionary.h
config.status:1195: creating src/ctemplate/template_pathops.h
config.status:1195: creating src/ctemplate/template_namelist.h
config.status:1195: creating src/ctemplate/find_ptr.h
config.status:1195: creating src/ctemplate/per_expand_data.h
config.status:1195: creating src/ctemplate/str_ref.h
config.status:1195: creating src/ctemplate/template_dictionary_interface.h
config.status:1195: creating src/config.h
config.status:1424: executing depfiles commands
config.status:1501: cd .       && sed -e '/# am--include-marker/d' Makefile         | make -f - am--depfiles
config.status:1506: $? = 0
config.status:1424: executing libtool commands

## ---------------- ##
## Cache variables. ##
## ---------------- ##

ac_cv___attribute__=yes
ac_cv_build=x86_64-apple-darwin18.2.0
ac_cv_c_compiler_gnu=yes
ac_cv_cxx_compiler_gnu=yes
ac_cv_cxx_hash_map='<unordered_map>'
ac_cv_cxx_hash_namespace=std
ac_cv_cxx_hash_set='<unordered_set>'
ac_cv_cxx_have_unordered_map=yes
ac_cv_env_CCC_set=
ac_cv_env_CCC_value=
ac_cv_env_CC_set=
ac_cv_env_CC_value=
ac_cv_env_CFLAGS_set=
ac_cv_env_CFLAGS_value=
ac_cv_env_CPPFLAGS_set=
ac_cv_env_CPPFLAGS_value=
ac_cv_env_CPP_set=
ac_cv_env_CPP_value=
ac_cv_env_CXXCPP_set=
ac_cv_env_CXXCPP_value=
ac_cv_env_CXXFLAGS_set=
ac_cv_env_CXXFLAGS_value=
ac_cv_env_CXX_set=
ac_cv_env_CXX_value=
ac_cv_env_LDFLAGS_set=
ac_cv_env_LDFLAGS_value=
ac_cv_env_LIBS_set=
ac_cv_env_LIBS_value=
ac_cv_env_LT_SYS_LIBRARY_PATH_set=
ac_cv_env_LT_SYS_LIBRARY_PATH_value=
ac_cv_env_build_alias_set=
ac_cv_env_build_alias_value=
ac_cv_env_host_alias_set=
ac_cv_env_host_alias_value=
ac_cv_env_target_alias_set=
ac_cv_env_target_alias_value=
ac_cv_formatting_prius_prefix=l
ac_cv_func_getopt=yes
ac_cv_func_getopt_long=yes
ac_cv_header_byteswap_h=no
ac_cv_header_dirent_dirent_h=yes
ac_cv_header_dlfcn_h=yes
ac_cv_header_endian_h=no
ac_cv_header_getopt_h=yes
ac_cv_header_inttypes_h=yes
ac_cv_header_libkern_OSByteOrder_h=yes
ac_cv_header_machine_endian_h=yes
ac_cv_header_memory_h=yes
ac_cv_header_stdc=yes
ac_cv_header_stdint_h=yes
ac_cv_header_stdlib_h=yes
ac_cv_header_string_h=yes
ac_cv_header_strings_h=yes
ac_cv_header_sys_byteorder_h=no
ac_cv_header_sys_endian_h=no
ac_cv_header_sys_isa_defs_h=no
ac_cv_header_sys_stat_h=yes
ac_cv_header_sys_types_h=yes
ac_cv_header_unistd_h=yes
ac_cv_header_utime_h=yes
ac_cv_host=x86_64-apple-darwin18.2.0
ac_cv_interlocked_exchange_nonvolatile=yes
ac_cv_objext=o
ac_cv_path_EGREP='/usr/bin/grep -E'
ac_cv_path_FGREP='/usr/bin/grep -F'
ac_cv_path_GREP=/usr/bin/grep
ac_cv_path_SED=/usr/bin/sed
ac_cv_path_install='/usr/bin/install -c'
ac_cv_path_lt_DD=/bin/dd
ac_cv_prius_defined=1
ac_cv_prog_AWK=awk
ac_cv_prog_CPP='gcc -E'
ac_cv_prog_CXXCPP='g++ -E'
ac_cv_prog_ac_ct_AR=ar
ac_cv_prog_ac_ct_CC=gcc
ac_cv_prog_ac_ct_CXX=g++
ac_cv_prog_ac_ct_DSYMUTIL=dsymutil
ac_cv_prog_ac_ct_LIPO=lipo
ac_cv_prog_ac_ct_NMEDIT=nmedit
ac_cv_prog_ac_ct_OBJDUMP=objdump
ac_cv_prog_ac_ct_OTOOL=otool
ac_cv_prog_ac_ct_RANLIB=ranlib
ac_cv_prog_ac_ct_STRIP=strip
ac_cv_prog_cc_c89=
ac_cv_prog_cc_g=yes
ac_cv_prog_cxx_g=yes
ac_cv_prog_make_make_set=yes
ac_cv_rwlock=yes
ac_cv_search_opendir='none required'
am_cv_CC_dependencies_compiler_type=gcc3
am_cv_CXX_dependencies_compiler_type=gcc3
am_cv_ar_interface=ar
am_cv_make_support_nested_variables=yes
am_cv_prog_cc_c_o=yes
ax_cv_PTHREAD_CLANG=yes
ax_cv_PTHREAD_CLANG_NO_WARN_FLAG=no
ax_cv_PTHREAD_JOINABLE_ATTR=PTHREAD_CREATE_JOINABLE
ax_cv_PTHREAD_PRIO_INHERIT=yes
ax_cv_PTHREAD_SPECIAL_FLAGS=no
lt_cv_apple_cc_single_mod=yes
lt_cv_ar_at_file=no
lt_cv_deplibs_check_method=pass_all
lt_cv_file_magic_cmd='$MAGIC_CMD'
lt_cv_file_magic_test_file=
lt_cv_ld_exported_symbols_list=yes
lt_cv_ld_force_load=yes
lt_cv_ld_reload_flag=-r
lt_cv_nm_interface='BSD nm'
lt_cv_objdir=.libs
lt_cv_path_LD=/Applications/Xcode.app/Contents/Developer/Toolchains/XcodeDefault.xctoolchain/usr/bin/ld
lt_cv_path_LDCXX=/Applications/Xcode.app/Contents/Developer/Toolchains/XcodeDefault.xctoolchain/usr/bin/ld
lt_cv_path_NM='/usr/bin/nm -B'
lt_cv_path_mainfest_tool=no
lt_cv_prog_compiler_c_o=yes
lt_cv_prog_compiler_c_o_CXX=yes
lt_cv_prog_compiler_pic='-fno-common -DPIC'
lt_cv_prog_compiler_pic_CXX='-fno-common -DPIC'
lt_cv_prog_compiler_pic_works=yes
lt_cv_prog_compiler_pic_works_CXX=yes
lt_cv_prog_compiler_rtti_exceptions=yes
lt_cv_prog_compiler_static_works=no
lt_cv_prog_compiler_static_works_CXX=no
lt_cv_prog_gnu_ld=no
lt_cv_prog_gnu_ldcxx=no
lt_cv_sharedlib_from_linklib_cmd='printf %s\n'
lt_cv_sys_global_symbol_pipe='sed -n -e '\''s/^.*[	 ]\([BCDEGRST][BCDEGRST]*\)[	 ][	 ]*_\([_A-Za-z][_A-Za-z0-9]*\)$/\1 _\2 \2/p'\'' | sed '\''/ __gnu_lto/d'\'''
lt_cv_sys_global_symbol_to_c_name_address='sed -n -e '\''s/^: \(.*\) .*$/  {"\1", (void *) 0},/p'\'' -e '\''s/^[BCDEGRST][BCDEGRST]* .* \(.*\)$/  {"\1", (void *) \&\1},/p'\'''
lt_cv_sys_global_symbol_to_c_name_address_lib_prefix='sed -n -e '\''s/^: \(.*\) .*$/  {"\1", (void *) 0},/p'\'' -e '\''s/^[BCDEGRST][BCDEGRST]* .* \(lib.*\)$/  {"\1", (void *) \&\1},/p'\'' -e '\''s/^[BCDEGRST][BCDEGRST]* .* \(.*\)$/  {"lib\1", (void *) \&\1},/p'\'''
lt_cv_sys_global_symbol_to_cdecl='sed -n -e '\''s/^T .* \(.*\)$/extern int \1();/p'\'' -e '\''s/^[BCDEGRST][BCDEGRST]* .* \(.*\)$/extern char \1;/p'\'''
lt_cv_sys_global_symbol_to_import=
lt_cv_sys_max_cmd_len=196608
lt_cv_to_host_file_cmd=func_convert_file_noop
lt_cv_to_tool_file_cmd=func_convert_file_noop
lt_cv_truncate_bin='/bin/dd bs=4096 count=1'

## ----------------- ##
## Output variables. ##
## ----------------- ##

ACLOCAL='${SHELL} /Users/kult78/mailcore2_android/ctemplate-master/missing aclocal-1.16'
AMDEPBACKSLASH='\'
AMDEP_FALSE='#'
AMDEP_TRUE=''
AMTAR='$${TAR-tar}'
AM_BACKSLASH='\'
AM_DEFAULT_V='$(AM_DEFAULT_VERBOSITY)'
AM_DEFAULT_VERBOSITY='0'
AM_V='$(V)'
AR='ar'
AUTOCONF='${SHELL} /Users/kult78/mailcore2_android/ctemplate-master/missing autoconf'
AUTOHEADER='${SHELL} /Users/kult78/mailcore2_android/ctemplate-master/missing autoheader'
AUTOMAKE='${SHELL} /Users/kult78/mailcore2_android/ctemplate-master/missing automake-1.16'
AWK='awk'
CC='gcc'
CCDEPMODE='depmode=gcc3'
CFLAGS='-g -O2'
CPP='gcc -E'
CPPFLAGS=''
CXX='g++'
CXXCPP='g++ -E'
CXXDEPMODE='depmode=gcc3'
CXXFLAGS='-g -O2'
CYGPATH_W='echo'
DEFS='-DHAVE_CONFIG_H'
DEPDIR='.deps'
DLLTOOL='false'
DSYMUTIL='dsymutil'
DUMPBIN=''
ECHO_C='\c'
ECHO_N=''
ECHO_T=''
EGREP='/usr/bin/grep -E'
EXEEXT=''
FGREP='/usr/bin/grep -F'
GCC_FALSE='#'
GCC_TRUE=''
GREP='/usr/bin/grep'
INSTALL_DATA='${INSTALL} -m 644'
INSTALL_PROGRAM='${INSTALL}'
INSTALL_SCRIPT='${INSTALL}'
INSTALL_STRIP_PROGRAM='$(install_sh) -c -s'
LD='/Applications/Xcode.app/Contents/Developer/Toolchains/XcodeDefault.xctoolchain/usr/bin/ld'
LDFLAGS=''
LIBOBJS=''
LIBS=''
LIBTOOL='$(SHELL) $(top_builddir)/libtool'
LIBTOOL_DEPS='./ltmain.sh'
LIPO='lipo'
LN_S='ln -s'
LTLIBOBJS=''
LT_SYS_LIBRARY_PATH=''
MAKEINFO='${SHELL} /Users/kult78/mailcore2_android/ctemplate-master/missing makeinfo'
MANIFEST_TOOL=':'
MINGW_FALSE=''
MINGW_TRUE='#'
MKDIR_P='./install-sh -c -d'
NM='/usr/bin/nm -B'
NMEDIT='nmedit'
OBJDUMP='objdump'
OBJEXT='o'
OTOOL64=':'
OTOOL='otool'
PACKAGE='ctemplate'
PACKAGE_BUGREPORT='google-ctemplate@googlegroups.com'
PACKAGE_NAME='ctemplate'
PACKAGE_STRING='ctemplate 2.3'
PACKAGE_TARNAME='ctemplate'
PACKAGE_URL=''
PACKAGE_VERSION='2.3'
PATH_SEPARATOR=':'
PTHREAD_CC='gcc'
PTHREAD_CFLAGS='-pthread'
PTHREAD_LIBS=''
RANLIB='ranlib'
SED='/usr/bin/sed'
SET_MAKE=''
SHELL='/bin/sh'
SO_VERSION='3:0:0'
STRIP='strip'
VERSION='2.3'
ac_ct_AR='ar'
ac_ct_CC='gcc'
ac_ct_CXX='g++'
ac_ct_DUMPBIN=''
ac_cv_cxx_hash_map='<unordered_map>'
ac_cv_cxx_hash_namespace='std'
ac_cv_cxx_hash_set='<unordered_set>'
ac_google_attribute='1'
ac_have_attribute_weak='0'
ac_windows_dllexport=''
ac_windows_dllexport_defines=''
am__EXEEXT_FALSE=''
am__EXEEXT_TRUE='#'
am__fastdepCC_FALSE='#'
am__fastdepCC_TRUE=''
am__fastdepCXX_FALSE='#'
am__fastdepCXX_TRUE=''
am__include='include'
am__isrc=''
am__leading_dot='.'
am__nodep='_no'
am__quote=''
am__tar='$${TAR-tar} chof - "$$tardir"'
am__untar='$${TAR-tar} xf -'
ax_pthread_config=''
bindir='${exec_prefix}/bin'
build='x86_64-apple-darwin18.2.0'
build_alias=''
build_cpu='x86_64'
build_os='darwin18.2.0'
build_vendor='apple'
datadir='${datarootdir}'
datarootdir='${prefix}/share'
docdir='${datarootdir}/doc/${PACKAGE_TARNAME}'
dvidir='${docdir}'
exec_prefix='${prefix}'
host='x86_64-apple-darwin18.2.0'
host_alias=''
host_cpu='x86_64'
host_os='darwin18.2.0'
host_vendor='apple'
htmldir='${docdir}'
includedir='${prefix}/include'
infodir='${datarootdir}/info'
install_sh='${SHELL} /Users/kult78/mailcore2_android/ctemplate-master/install-sh'
libdir='${exec_prefix}/lib'
libexecdir='${exec_prefix}/libexec'
localedir='${datarootdir}/locale'
localstatedir='${prefix}/var'
mandir='${datarootdir}/man'
mkdir_p='$(MKDIR_P)'
oldincludedir='/usr/include'
pdfdir='${docdir}'
prefix='/usr/local'
program_transform_name='s,x,x,'
psdir='${docdir}'
sbindir='${exec_prefix}/sbin'
sharedstatedir='${prefix}/com'
sysconfdir='${prefix}/etc'
target_alias=''

## ----------- ##
## confdefs.h. ##
## ----------- ##

/* confdefs.h */
#define PACKAGE_NAME "ctemplate"
#define PACKAGE_TARNAME "ctemplate"
#define PACKAGE_VERSION "2.3"
#define PACKAGE_STRING "ctemplate 2.3"
#define PACKAGE_BUGREPORT "google-ctemplate@googlegroups.com"
#define PACKAGE_URL ""
#define PACKAGE "ctemplate"
#define VERSION "2.3"
#define STDC_HEADERS 1
#define HAVE_SYS_TYPES_H 1
#define HAVE_SYS_STAT_H 1
#define HAVE_STDLIB_H 1
#define HAVE_STRING_H 1
#define HAVE_MEMORY_H 1
#define HAVE_STRINGS_H 1
#define HAVE_INTTYPES_H 1
#define HAVE_STDINT_H 1
#define HAVE_UNISTD_H 1
#define HAVE_DLFCN_H 1
#define LT_OBJDIR ".libs/"
#define HAVE___ATTRIBUTE__ 1
#define PRIuS "lu"
#define PRIxS "lx"
#define PRIdS "ld"
#define HAVE_GETOPT_LONG 1
#define HAVE_GETOPT 1
#define HAVE_GETOPT_H 1
#define HAVE_UTIME_H 1
#define HAVE_DIRENT_H 1
#define HAVE_LIBKERN_OSBYTEORDER_H 1
#define HAVE_MACHINE_ENDIAN_H 1
#define HAVE_PTHREAD_PRIO_INHERIT 1
#define HAVE_PTHREAD 1
#define HAVE_RWLOCK 1
#define INTERLOCKED_EXCHANGE_NONVOLATILE 1
#define HAVE_HASH_MAP 1
#define HAVE_HASH_SET 1
#define HASH_MAP_H <unordered_map>
#define HASH_SET_H <unordered_set>
#define HASH_NAMESPACE std
#define HAVE_UNORDERED_MAP 1

configure: exit 0
